<?xml version="1.0" encoding="UTF-8"?>
<testng-results skipped="0" failed="0" ignored="0" total="1" passed="1">
  <reporter-output>
  </reporter-output>
  <suite name="Test Automation" duration-ms="26532" started-at="2018-09-26T14:49:11Z" finished-at="2018-09-26T14:49:38Z">
    <groups>
    </groups>
    <test name="Test Annotations" duration-ms="26532" started-at="2018-09-26T14:49:11Z" finished-at="2018-09-26T14:49:38Z">
      <class name="com.selenium.webdriver.testng.jenkins.TestSeleniumTestNgJenkins">
        <test-method status="PASS" signature="invokeBrowser()[pri:0, instance:com.selenium.webdriver.testng.jenkins.TestSeleniumTestNgJenkins@4883b407]" name="invokeBrowser" is-config="true" duration-ms="21595" started-at="2018-09-26T14:49:11Z" finished-at="2018-09-26T14:49:33Z">
          <reporter-output>
          </reporter-output>
        </test-method> <!-- invokeBrowser -->
        <test-method status="PASS" signature="doRegistration()[pri:0, instance:com.selenium.webdriver.testng.jenkins.TestSeleniumTestNgJenkins@4883b407]" name="doRegistration" duration-ms="2596" started-at="2018-09-26T14:49:33Z" finished-at="2018-09-26T14:49:36Z">
          <reporter-output>
          </reporter-output>
        </test-method> <!-- doRegistration -->
        <test-method status="PASS" signature="closeBrowser()[pri:0, instance:com.selenium.webdriver.testng.jenkins.TestSeleniumTestNgJenkins@4883b407]" name="closeBrowser" is-config="true" duration-ms="2306" started-at="2018-09-26T14:49:36Z" finished-at="2018-09-26T14:49:38Z">
          <reporter-output>
          </reporter-output>
        </test-method> <!-- closeBrowser -->
      </class> <!-- com.selenium.webdriver.testng.jenkins.TestSeleniumTestNgJenkins -->
    </test> <!-- Test Annotations -->
  </suite> <!-- Test Automation -->
</testng-results>
